1508980725982	geckodriver	INFO	Listening on 127.0.0.1:33296
1508980727026	mozprofile::profile	INFO	Using profile path /tmp/rust_mozprofile.VCnnLJJ24vUC
1508980727027	geckodriver::marionette	INFO	Starting browser /usr/bin/firefox with args []
1508980727029	geckodriver::marionette	INFO	Connecting to Marionette on localhost:42590

(firefox:8073): GLib-GObject-CRITICAL **: g_object_ref: assertion 'object->ref_count > 0' failed

(firefox:8073): GLib-GObject-CRITICAL **: g_object_unref: assertion 'object->ref_count > 0' failed

(firefox:8073): GLib-GObject-CRITICAL **: g_object_ref: assertion 'object->ref_count > 0' failed

(firefox:8073): GLib-GObject-CRITICAL **: g_object_unref: assertion 'object->ref_count > 0' failed
1508980731264	Marionette	WARN	Deprecated preference marionette.defaultPrefs.enabled detected, please use marionette.enabled
1508980734116	Marionette	INFO	Listening on port 42590
1508980734158	Marionette	WARN	TLS certificate errors will be ignored for this session
1508980748578	geckodriver	INFO	Listening on 127.0.0.1:48626
1508980749616	mozprofile::profile	INFO	Using profile path /tmp/rust_mozprofile.9RoLAKnKsaWg
1508980749617	geckodriver::marionette	INFO	Starting browser /usr/bin/firefox with args []
1508980749618	geckodriver::marionette	INFO	Connecting to Marionette on localhost:58056

(firefox:8189): GLib-GObject-CRITICAL **: g_object_ref: assertion 'object->ref_count > 0' failed

(firefox:8189): GLib-GObject-CRITICAL **: g_object_unref: assertion 'object->ref_count > 0' failed

(firefox:8189): GLib-GObject-CRITICAL **: g_object_ref: assertion 'object->ref_count > 0' failed

(firefox:8189): GLib-GObject-CRITICAL **: g_object_unref: assertion 'object->ref_count > 0' failed
1508980750219	Marionette	WARN	Deprecated preference marionette.defaultPrefs.enabled detected, please use marionette.enabled
1508980752715	Marionette	INFO	Listening on port 58056
1508980752760	Marionette	WARN	TLS certificate errors will be ignored for this session
JavaScript error: http://www.straitstimes.com/singapore/st-now-news-as-it-happens-may-1-2017?login=true, line 998: TypeError: paywallUserSession is null
JavaScript error: https://cdn.go.affec.tv/sigad/assets/scripts/iab.js, line 101: TypeError: wrapperElem is null
JavaScript error: http://www.straitstimes.com/, line 1337: TypeError: myPlayer is undefined
JavaScript warning: http://singaporeseen.stomp.com.sg/sites/all/modules/contrib/jquery_update/replace/jquery/1.10/jquery.min.js?v=1.10.2, line 1: Using //@ to indicate sourceMappingURL pragmas is deprecated. Use //# instead
JavaScript error: http://singaporeseen.stomp.com.sg/sites/all/themes/singaporeseen/js/script.js?olb2ni, line 46: TypeError: $(...).tabs is not a function
JavaScript warning: http://forums.hardwarezone.com.sg/gaming-arena-381/, line 98: unreachable code after return statement
JavaScript warning: http://forums.hardwarezone.com.sg/gaming-arena-381/, line 98: unreachable code after return statement
JavaScript error: http://forums.hardwarezone.com.sg/gaming-arena-381/, line 1: SecurityError: Permission denied to access property "cnRefreshCode" on cross-origin object
JavaScript error: http://forums.hardwarezone.com.sg/gaming-arena-381/, line 1: SecurityError: Permission denied to access property "cnRefreshCode" on cross-origin object
JavaScript error: http://forums.hardwarezone.com.sg/gaming-arena-381/, line 1: SecurityError: Permission denied to access property "cnRefreshCode" on cross-origin object
JavaScript error: http://s.atemda.com/Admeta.js, line 84: TypeError: e is null
JavaScript error: http://forums.hardwarezone.com.sg/gaming-arena-381/, line 1: SecurityError: Permission denied to access property "cnRefreshCode" on cross-origin object
JavaScript error: http://forums.hardwarezone.com.sg/gaming-arena-381/, line 1: SecurityError: Permission denied to access property "cnRefreshCode" on cross-origin object
JavaScript error: http://www.straitstimes.com/, line 5233: TypeError: paywallUserSession is null
JavaScript error: http://www.straitstimes.com/, line 1337: TypeError: myPlayer is undefined
JavaScript warning: https://ajax.googleapis.com/ajax/libs/jquery/1.9.0/jquery.min.js, line 4: Using //@ to indicate sourceMappingURL pragmas is deprecated. Use //# instead
JavaScript error: http://www.straitstimes.com/, line 1337: TypeError: myPlayer is undefined
JavaScript error: http://www.straitstimes.com/, line 1337: TypeError: myPlayer is undefined
JavaScript error: http://www.straitstimes.com/, line 1337: TypeError: myPlayer is undefined
JavaScript error: http://www.straitstimes.com/, line 1337: TypeError: myPlayer is undefined
JavaScript error: http://www.straitstimes.com/, line 1337: TypeError: myPlayer is undefined
JavaScript error: http://www.straitstimes.com/, line 1337: TypeError: myPlayer is undefined
JavaScript warning: http://singaporeseen.stomp.com.sg/sites/all/modules/contrib/jquery_update/replace/jquery/1.10/jquery.min.js?v=1.10.2, line 1: Using //@ to indicate sourceMappingURL pragmas is deprecated. Use //# instead
JavaScript error: http://singaporeseen.stomp.com.sg/sites/all/themes/singaporeseen/js/script.js?olb2ni, line 46: TypeError: $(...).tabs is not a function
JavaScript warning: http://forums.hardwarezone.com.sg/gaming-arena-381/, line 98: unreachable code after return statement
JavaScript warning: http://forums.hardwarezone.com.sg/gaming-arena-381/, line 98: unreachable code after return statement
JavaScript error: http://forums.hardwarezone.com.sg/gaming-arena-381/, line 1: SecurityError: Permission denied to access property "cnRefreshCode" on cross-origin object
JavaScript error: http://forums.hardwarezone.com.sg/gaming-arena-381/, line 1: SecurityError: Permission denied to access property "cnRefreshCode" on cross-origin object
JavaScript error: http://forums.hardwarezone.com.sg/gaming-arena-381/, line 1: SecurityError: Permission denied to access property "cnRefreshCode" on cross-origin object
JavaScript error: http://s.atemda.com/Admeta.js, line 84: TypeError: e is null
JavaScript error: http://forums.hardwarezone.com.sg/gaming-arena-381/, line 1: SecurityError: Permission denied to access property "cnRefreshCode" on cross-origin object
JavaScript error: http://forums.hardwarezone.com.sg/gaming-arena-381/, line 1: SecurityError: Permission denied to access property "cnRefreshCode" on cross-origin object
JavaScript error: http://www.straitstimes.com/, line 5233: TypeError: paywallUserSession is null
JavaScript error: http://www.straitstimes.com/, line 1337: TypeError: myPlayer is undefined
JavaScript warning: https://ajax.googleapis.com/ajax/libs/jquery/1.9.0/jquery.min.js, line 4: Using //@ to indicate sourceMappingURL pragmas is deprecated. Use //# instead
JavaScript error: https://s0.2mdn.net/3777025/1508919345503/index.html, line 64: ReferenceError: Enabler is not defined
JavaScript error: http://www.straitstimes.com/, line 1337: TypeError: myPlayer is undefined
JavaScript warning: https://ajax.googleapis.com/ajax/libs/jquery/1.9.0/jquery.min.js, line 4: Using //@ to indicate sourceMappingURL pragmas is deprecated. Use //# instead
JavaScript error: http://www.straitstimes.com/, line 1337: TypeError: myPlayer is undefined
JavaScript warning: https://ajax.googleapis.com/ajax/libs/jquery/1.9.0/jquery.min.js, line 4: Using //@ to indicate sourceMappingURL pragmas is deprecated. Use //# instead
*************************
A coding exception was thrown and uncaught in a Task.

Full message: TypeError: NetworkError when attempting to fetch resource.
Full stack: 
*************************
1509007804340	geckodriver	INFO	Listening on 127.0.0.1:46386
1509007805473	mozprofile::profile	INFO	Using profile path /tmp/rust_mozprofile.qR6ENsQIaHBq
1509007805474	geckodriver::marionette	INFO	Starting browser /usr/bin/firefox with args []
1509007805494	geckodriver::marionette	INFO	Connecting to Marionette on localhost:50830

(firefox:18279): GLib-GObject-CRITICAL **: g_object_ref: assertion 'object->ref_count > 0' failed

(firefox:18279): GLib-GObject-CRITICAL **: g_object_unref: assertion 'object->ref_count > 0' failed

(firefox:18279): GLib-GObject-CRITICAL **: g_object_ref: assertion 'object->ref_count > 0' failed

(firefox:18279): GLib-GObject-CRITICAL **: g_object_unref: assertion 'object->ref_count > 0' failed
1509007813928	Marionette	WARN	Deprecated preference marionette.defaultPrefs.enabled detected, please use marionette.enabled
1509007821112	Marionette	INFO	Listening on port 50830
1509007821193	Marionette	WARN	TLS certificate errors will be ignored for this session
*************************
A coding exception was thrown and uncaught in a Task.

Full message: TypeError: NetworkError when attempting to fetch resource.
Full stack: 
*************************
JavaScript error: http://www.straitstimes.com/singapore/st-now-news-as-it-happens-aug-1-2017, line 992: TypeError: paywallUserSession is null
JavaScript error: http://www.straitstimes.com/, line 1473: TypeError: myPlayer is undefined
JavaScript error: http://static.adzerk.net/ados.js, line 870: TypeError: doc is null
JavaScript warning: http://forums.hardwarezone.com.sg/gaming-arena-381/, line 98: unreachable code after return statement
JavaScript warning: http://forums.hardwarezone.com.sg/gaming-arena-381/, line 98: unreachable code after return statement
JavaScript error: http://forums.hardwarezone.com.sg/gaming-arena-381/, line 1: SecurityError: Permission denied to access property "cnRefreshCode" on cross-origin object
JavaScript error: http://forums.hardwarezone.com.sg/gaming-arena-381/, line 1: SecurityError: Permission denied to access property "cnRefreshCode" on cross-origin object
JavaScript error: http://forums.hardwarezone.com.sg/gaming-arena-381/, line 1: SecurityError: Permission denied to access property "cnRefreshCode" on cross-origin object
JavaScript error: http://s.atemda.com/Admeta.js, line 84: TypeError: e is null
JavaScript error: http://forums.hardwarezone.com.sg/gaming-arena-381/, line 1: SecurityError: Permission denied to access property "cnRefreshCode" on cross-origin object
JavaScript error: http://forums.hardwarezone.com.sg/gaming-arena-381/, line 1: SecurityError: Permission denied to access property "cnRefreshCode" on cross-origin object
JavaScript error: http://www.straitstimes.com/, line 5246: TypeError: paywallUserSession is null
JavaScript error: http://www.straitstimes.com/, line 1473: TypeError: myPlayer is undefined
JavaScript warning: https://ajax.googleapis.com/ajax/libs/jquery/1.9.0/jquery.min.js, line 4: Using //@ to indicate sourceMappingURL pragmas is deprecated. Use //# instead
JavaScript error: http://staticxx.facebook.com/connect/xd_arbiter/r/hsBwMj6iLmk.js?version=42#channel=f1ce49aaf07815e&origin=http%3A%2F%2Fwww.straitstimes.com, line 55: Error: 
JavaScript error: https://staticxx.facebook.com/connect/xd_arbiter/r/hsBwMj6iLmk.js?version=42#channel=f1ce49aaf07815e&origin=http%3A%2F%2Fwww.straitstimes.com, line 55: Error: 
JavaScript error: https://acc-reg.sphdigital.com/RegAuth2/sphPasswordChallenge.html?svc=sts, line 1: ReferenceError: submitenter is not defined
JavaScript error: https://acc-reg.sphdigital.com/RegAuth2/sphPasswordChallenge.html?svc=sts, line 1: ReferenceError: submitenter is not defined
JavaScript error: https://acc-reg.sphdigital.com/RegAuth2/sphPasswordChallenge.html?svc=sts, line 1: ReferenceError: submitenter is not defined
JavaScript error: https://acc-reg.sphdigital.com/RegAuth2/sphPasswordChallenge.html?svc=sts, line 1: ReferenceError: submitenter is not defined
JavaScript error: https://acc-reg.sphdigital.com/RegAuth2/sphPasswordChallenge.html?svc=sts, line 1: ReferenceError: submitenter is not defined
JavaScript error: https://acc-reg.sphdigital.com/RegAuth2/sphPasswordChallenge.html?svc=sts, line 1: ReferenceError: submitenter is not defined
JavaScript error: https://acc-reg.sphdigital.com/RegAuth2/sphPasswordChallenge.html?svc=sts, line 1: ReferenceError: submitenter is not defined
JavaScript error: https://acc-reg.sphdigital.com/RegAuth2/sphPasswordChallenge.html?svc=sts, line 1: ReferenceError: submitenter is not defined
JavaScript error: https://acc-reg.sphdigital.com/RegAuth2/sphPasswordChallenge.html?svc=sts, line 1: ReferenceError: submitenter is not defined
JavaScript error: https://acc-reg.sphdigital.com/RegAuth2/sphPasswordChallenge.html?svc=sts, line 1: ReferenceError: submitenter is not defined
JavaScript error: https://acc-reg.sphdigital.com/RegAuth2/sphPasswordChallenge.html?svc=sts, line 1: ReferenceError: submitenter is not defined
JavaScript error: https://acc-reg.sphdigital.com/RegAuth2/sphPasswordChallenge.html?svc=sts, line 1: ReferenceError: submitenter is not defined
JavaScript error: https://acc-reg.sphdigital.com/RegAuth2/sphPasswordChallenge.html?svc=sts, line 1: ReferenceError: submitenter is not defined
JavaScript error: https://acc-reg.sphdigital.com/RegAuth2/sphPasswordChallenge.html?svc=sts, line 1: ReferenceError: submitenter is not defined
JavaScript error: https://acc-reg.sphdigital.com/RegAuth2/sphPasswordChallenge.html?svc=sts, line 1: ReferenceError: submitenter is not defined
JavaScript error: https://acc-reg.sphdigital.com/RegAuth2/sphPasswordChallenge.html?svc=sts, line 1: ReferenceError: submitenter is not defined
JavaScript error: https://acc-reg.sphdigital.com/RegAuth2/sphPasswordChallenge.html?svc=sts, line 1: ReferenceError: submitenter is not defined
JavaScript error: https://acc-reg.sphdigital.com/RegAuth2/sphPasswordChallenge.html?svc=sts, line 1: ReferenceError: submitenter is not defined
JavaScript error: https://acc-reg.sphdigital.com/RegAuth2/sphPasswordChallenge.html?svc=sts, line 1: ReferenceError: submitenter is not defined
JavaScript error: https://acc-reg.sphdigital.com/RegAuth2/sphPasswordChallenge.html?svc=sts, line 1: ReferenceError: submitenter is not defined
JavaScript error: https://acc-reg.sphdigital.com/RegAuth2/sphPasswordChallenge.html?svc=sts, line 1: ReferenceError: submitenter is not defined
JavaScript error: http://www.straitstimes.com/?login=true, line 1473: TypeError: myPlayer is undefined
JavaScript warning: https://ajax.googleapis.com/ajax/libs/jquery/1.9.0/jquery.min.js, line 4: Using //@ to indicate sourceMappingURL pragmas is deprecated. Use //# instead
JavaScript error: https://cdn.ampproject.org/amp4ads-v0.js, line 5: Error: amp-analytics is already registered. The script tag for amp-analytics is likely included twice in the page.
JavaScript error: https://cdn.ampproject.org/amp4ads-v0.js, line 5: Error: amp-analytics is already registered. The script tag for amp-analytics is likely included twice in the page.
